2020-02-12 10:58:17.2539|INFO|Microsoft.AspNetCore.Hosting.Internal.WebHost|Request starting HTTP/1.1 GET https://localhost:44395/api/values  
2020-02-12 10:58:17.5028|INFO|Microsoft.AspNetCore.Routing.EndpointMiddleware|Executing endpoint 'Assignment.InventoryService.Controllers.ValuesController.Get (Assignment.InventoryService)'
2020-02-12 10:58:17.5537|INFO|Microsoft.AspNetCore.Mvc.Internal.ControllerActionInvoker|Route matched with {action = "Get", controller = "Values"}. Executing controller action with signature Microsoft.AspNetCore.Mvc.ActionResult`1[System.Collections.Generic.IEnumerable`1[System.String]] Get() on controller Assignment.InventoryService.Controllers.ValuesController (Assignment.InventoryService).
2020-02-12 10:58:17.5763|INFO|Microsoft.AspNetCore.Mvc.Internal.ControllerActionInvoker|Executing action method Assignment.InventoryService.Controllers.ValuesController.Get (Assignment.InventoryService) - Validation state: Valid
2020-02-12 10:58:17.5883|INFO|Microsoft.AspNetCore.Mvc.Internal.ControllerActionInvoker|Executed action method Assignment.InventoryService.Controllers.ValuesController.Get (Assignment.InventoryService), returned result Microsoft.AspNetCore.Mvc.ObjectResult in 0.3831ms.
2020-02-12 10:58:17.6094|INFO|Microsoft.AspNetCore.Mvc.Infrastructure.ObjectResultExecutor|Executing ObjectResult, writing value of type 'System.String[]'.
2020-02-12 10:58:17.6575|INFO|Microsoft.AspNetCore.Mvc.Internal.ControllerActionInvoker|Executed action Assignment.InventoryService.Controllers.ValuesController.Get (Assignment.InventoryService) in 78.8309ms
2020-02-12 10:58:17.6763|INFO|Microsoft.AspNetCore.Routing.EndpointMiddleware|Executed endpoint 'Assignment.InventoryService.Controllers.ValuesController.Get (Assignment.InventoryService)'
2020-02-12 10:58:17.7226|INFO|Microsoft.AspNetCore.Hosting.Internal.WebHost|Request finished in 458.2497ms 200 application/json; charset=utf-8
2020-02-12 11:00:34.5706|INFO|Microsoft.AspNetCore.Hosting.Internal.WebHost|Request starting HTTP/1.1 GET https://localhost:44395/api/values  
2020-02-12 11:00:34.7777|INFO|Microsoft.AspNetCore.Routing.EndpointMiddleware|Executing endpoint 'Assignment.InventoryService.Controllers.ValuesController.Get (Assignment.InventoryService)'
2020-02-12 11:00:34.8356|INFO|Microsoft.AspNetCore.Mvc.Internal.ControllerActionInvoker|Route matched with {action = "Get", controller = "Values"}. Executing controller action with signature Microsoft.AspNetCore.Mvc.ActionResult`1[System.Collections.Generic.IEnumerable`1[System.String]] Get() on controller Assignment.InventoryService.Controllers.ValuesController (Assignment.InventoryService).
2020-02-12 11:00:34.8593|INFO|Microsoft.AspNetCore.Mvc.Internal.ControllerActionInvoker|Executing action method Assignment.InventoryService.Controllers.ValuesController.Get (Assignment.InventoryService) - Validation state: Valid
2020-02-12 11:00:34.8738|INFO|Microsoft.AspNetCore.Mvc.Internal.ControllerActionInvoker|Executed action method Assignment.InventoryService.Controllers.ValuesController.Get (Assignment.InventoryService), returned result Microsoft.AspNetCore.Mvc.ObjectResult in 0.3978ms.
2020-02-12 11:00:34.8921|INFO|Microsoft.AspNetCore.Mvc.Infrastructure.ObjectResultExecutor|Executing ObjectResult, writing value of type 'System.String[]'.
2020-02-12 11:00:34.9335|INFO|Microsoft.AspNetCore.Mvc.Internal.ControllerActionInvoker|Executed action Assignment.InventoryService.Controllers.ValuesController.Get (Assignment.InventoryService) in 82.7875ms
2020-02-12 11:00:34.9501|INFO|Microsoft.AspNetCore.Routing.EndpointMiddleware|Executed endpoint 'Assignment.InventoryService.Controllers.ValuesController.Get (Assignment.InventoryService)'
2020-02-12 11:00:34.9855|INFO|Microsoft.AspNetCore.Hosting.Internal.WebHost|Request finished in 420.6409ms 200 application/json; charset=utf-8
2020-02-12 12:21:26.9725|INFO|Microsoft.AspNetCore.Hosting.Internal.WebHost|Request starting HTTP/1.1 GET https://localhost:44395/api/values  
2020-02-12 12:21:27.1774|INFO|Microsoft.AspNetCore.Routing.EndpointMiddleware|Executing endpoint 'Assignment.InventoryService.Controllers.ValuesController.Get (Assignment.InventoryService)'
2020-02-12 12:21:27.2232|INFO|Microsoft.AspNetCore.Mvc.Internal.ControllerActionInvoker|Route matched with {action = "Get", controller = "Values"}. Executing controller action with signature Microsoft.AspNetCore.Mvc.ActionResult`1[System.Collections.Generic.IEnumerable`1[System.String]] Get() on controller Assignment.InventoryService.Controllers.ValuesController (Assignment.InventoryService).
2020-02-12 12:21:27.2485|INFO|Microsoft.AspNetCore.Mvc.Internal.ControllerActionInvoker|Executing action method Assignment.InventoryService.Controllers.ValuesController.Get (Assignment.InventoryService) - Validation state: Valid
2020-02-12 12:21:27.2667|INFO|Microsoft.AspNetCore.Mvc.Internal.ControllerActionInvoker|Executed action method Assignment.InventoryService.Controllers.ValuesController.Get (Assignment.InventoryService), returned result Microsoft.AspNetCore.Mvc.ObjectResult in 1.4412ms.
2020-02-12 12:21:27.2902|INFO|Microsoft.AspNetCore.Mvc.Infrastructure.ObjectResultExecutor|Executing ObjectResult, writing value of type 'System.String[]'.
2020-02-12 12:21:27.3309|INFO|Microsoft.AspNetCore.Mvc.Internal.ControllerActionInvoker|Executed action Assignment.InventoryService.Controllers.ValuesController.Get (Assignment.InventoryService) in 90.5624ms
2020-02-12 12:21:27.3591|INFO|Microsoft.AspNetCore.Routing.EndpointMiddleware|Executed endpoint 'Assignment.InventoryService.Controllers.ValuesController.Get (Assignment.InventoryService)'
2020-02-12 12:21:27.3872|INFO|Microsoft.AspNetCore.Hosting.Internal.WebHost|Request finished in 423.8323ms 200 application/json; charset=utf-8
