2020-02-15 23:57:28.7645|INFO|Microsoft.AspNetCore.Hosting.Internal.WebHost|Request starting HTTP/2.0 GET https://localhost:44394/api/values  
2020-02-15 23:57:28.9336|INFO|Microsoft.AspNetCore.Routing.EndpointMiddleware|Executing endpoint 'Assignment.InventoryService.Controllers.ValuesController.Get (Assignment.InventoryService)'
2020-02-15 23:57:28.9569|INFO|Microsoft.AspNetCore.Mvc.Internal.ControllerActionInvoker|Route matched with {action = "Get", controller = "Values"}. Executing controller action with signature Microsoft.AspNetCore.Mvc.ActionResult`1[System.Collections.Generic.IEnumerable`1[System.String]] Get() on controller Assignment.InventoryService.Controllers.ValuesController (Assignment.InventoryService).
2020-02-15 23:57:28.9764|INFO|Microsoft.AspNetCore.Mvc.Internal.ControllerActionInvoker|Executing action method Assignment.InventoryService.Controllers.ValuesController.Get (Assignment.InventoryService) - Validation state: Valid
2020-02-15 23:57:28.9859|INFO|Microsoft.AspNetCore.Mvc.Internal.ControllerActionInvoker|Executed action method Assignment.InventoryService.Controllers.ValuesController.Get (Assignment.InventoryService), returned result Microsoft.AspNetCore.Mvc.ObjectResult in 0.5724ms.
2020-02-15 23:57:29.0008|INFO|Microsoft.AspNetCore.Mvc.Infrastructure.ObjectResultExecutor|Executing ObjectResult, writing value of type 'System.String[]'.
2020-02-15 23:57:29.0502|INFO|Microsoft.AspNetCore.Mvc.Internal.ControllerActionInvoker|Executed action Assignment.InventoryService.Controllers.ValuesController.Get (Assignment.InventoryService) in 74.7632ms
2020-02-15 23:57:29.0591|INFO|Microsoft.AspNetCore.Routing.EndpointMiddleware|Executed endpoint 'Assignment.InventoryService.Controllers.ValuesController.Get (Assignment.InventoryService)'
2020-02-15 23:57:29.0831|INFO|Microsoft.AspNetCore.Hosting.Internal.WebHost|Request finished in 316.3716ms 200 application/json; charset=utf-8
2020-02-15 23:57:46.5084|INFO|Microsoft.AspNetCore.Hosting.Internal.WebHost|Request starting HTTP/2.0 POST https://localhost:44394/api/inventory/product/add application/json 53
2020-02-15 23:57:46.6989|INFO|Microsoft.AspNetCore.Authentication.JwtBearer.JwtBearerHandler|Successfully validated the token.
2020-02-15 23:57:46.7808|INFO|Microsoft.AspNetCore.Routing.EndpointMiddleware|Executing endpoint 'Assignment.InventoryService.Controllers.InventoryController.AddProduct (Assignment.InventoryService)'
2020-02-15 23:57:46.9317|INFO|Microsoft.AspNetCore.Mvc.Internal.ControllerActionInvoker|Route matched with {action = "AddProduct", controller = "Inventory"}. Executing controller action with signature Microsoft.AspNetCore.Mvc.ActionResult`1[Assignment.InventoryService.Dtos.ResponseModel] AddProduct(Assignment.InventoryService.Models.Product) on controller Assignment.InventoryService.Controllers.InventoryController (Assignment.InventoryService).
2020-02-15 23:57:46.9490|INFO|Microsoft.AspNetCore.Authorization.DefaultAuthorizationService|Authorization was successful.
2020-02-15 23:57:46.9989|INFO|Microsoft.AspNetCore.Mvc.Internal.ControllerActionInvoker|Executing action method Assignment.InventoryService.Controllers.InventoryController.AddProduct (Assignment.InventoryService) - Validation state: Valid
2020-02-15 23:57:46.9989|INFO|Microsoft.AspNetCore.Mvc.Internal.ControllerActionInvoker|Executed action method Assignment.InventoryService.Controllers.InventoryController.AddProduct (Assignment.InventoryService), returned result Microsoft.AspNetCore.Mvc.OkResult in 3.8218ms.
2020-02-15 23:57:47.0177|INFO|Microsoft.AspNetCore.Mvc.StatusCodeResult|Executing HttpStatusCodeResult, setting HTTP status code 200
2020-02-15 23:57:47.0177|INFO|Microsoft.AspNetCore.Mvc.Internal.ControllerActionInvoker|Executed action Assignment.InventoryService.Controllers.InventoryController.AddProduct (Assignment.InventoryService) in 86.0331ms
2020-02-15 23:57:47.0298|INFO|Microsoft.AspNetCore.Routing.EndpointMiddleware|Executed endpoint 'Assignment.InventoryService.Controllers.InventoryController.AddProduct (Assignment.InventoryService)'
2020-02-15 23:57:47.0298|INFO|Microsoft.AspNetCore.Hosting.Internal.WebHost|Request finished in 532.1992ms 200 
2020-02-15 23:58:44.7277|INFO|Microsoft.AspNetCore.Hosting.Internal.WebHost|Request starting HTTP/1.1 GET https://localhost:44394/api/inventory/productById/1  
2020-02-15 23:58:44.8054|INFO|Microsoft.AspNetCore.Authentication.JwtBearer.JwtBearerHandler|Successfully validated the token.
2020-02-15 23:58:45.0052|INFO|Microsoft.AspNetCore.Routing.EndpointMiddleware|Executing endpoint 'Assignment.InventoryService.Controllers.InventoryController.GetProductById (Assignment.InventoryService)'
2020-02-15 23:58:45.1060|INFO|Microsoft.AspNetCore.Mvc.Internal.ControllerActionInvoker|Route matched with {action = "GetProductById", controller = "Inventory"}. Executing controller action with signature Microsoft.AspNetCore.Mvc.ActionResult`1[Assignment.InventoryService.Dtos.ResponseModel] GetProductById(Int32) on controller Assignment.InventoryService.Controllers.InventoryController (Assignment.InventoryService).
2020-02-15 23:58:45.1225|INFO|Microsoft.AspNetCore.Authorization.DefaultAuthorizationService|Authorization was successful.
2020-02-15 23:58:45.1381|INFO|Microsoft.AspNetCore.Mvc.Internal.ControllerActionInvoker|Executing action method Assignment.InventoryService.Controllers.InventoryController.GetProductById (Assignment.InventoryService) - Validation state: Valid
2020-02-15 23:58:45.1381|INFO|Microsoft.AspNetCore.Mvc.Internal.ControllerActionInvoker|Executed action method Assignment.InventoryService.Controllers.InventoryController.GetProductById (Assignment.InventoryService), returned result Microsoft.AspNetCore.Mvc.ObjectResult in 2.8494ms.
2020-02-15 23:58:45.1560|INFO|Microsoft.AspNetCore.Mvc.Infrastructure.ObjectResultExecutor|Executing ObjectResult, writing value of type 'Assignment.InventoryService.Dtos.ResponseModel'.
2020-02-15 23:58:45.1560|INFO|Microsoft.AspNetCore.Mvc.Internal.ControllerActionInvoker|Executed action Assignment.InventoryService.Controllers.InventoryController.GetProductById (Assignment.InventoryService) in 46.068ms
2020-02-15 23:58:45.1689|INFO|Microsoft.AspNetCore.Routing.EndpointMiddleware|Executed endpoint 'Assignment.InventoryService.Controllers.InventoryController.GetProductById (Assignment.InventoryService)'
2020-02-15 23:58:45.1689|INFO|Microsoft.AspNetCore.Hosting.Internal.WebHost|Request finished in 541.5448ms 200 application/json; charset=utf-8
