2020-02-13 10:24:56.0424|INFO|Microsoft.AspNetCore.Hosting.Internal.WebHost|Request starting HTTP/2.0 GET https://localhost:44394/api/values  
2020-02-13 10:24:56.3606|INFO|Microsoft.AspNetCore.Routing.EndpointMiddleware|Executing endpoint 'Assignment.InventoryService.Controllers.ValuesController.Get (Assignment.InventoryService)'
2020-02-13 10:24:56.3869|INFO|Microsoft.AspNetCore.Mvc.Internal.ControllerActionInvoker|Route matched with {action = "Get", controller = "Values"}. Executing controller action with signature Microsoft.AspNetCore.Mvc.ActionResult`1[System.Collections.Generic.IEnumerable`1[System.String]] Get() on controller Assignment.InventoryService.Controllers.ValuesController (Assignment.InventoryService).
2020-02-13 10:24:56.4142|INFO|Microsoft.AspNetCore.Mvc.Internal.ControllerActionInvoker|Executing action method Assignment.InventoryService.Controllers.ValuesController.Get (Assignment.InventoryService) - Validation state: Valid
2020-02-13 10:24:56.4357|INFO|Microsoft.AspNetCore.Mvc.Internal.ControllerActionInvoker|Executed action method Assignment.InventoryService.Controllers.ValuesController.Get (Assignment.InventoryService), returned result Microsoft.AspNetCore.Mvc.ObjectResult in 0.5384ms.
2020-02-13 10:24:56.4513|INFO|Microsoft.AspNetCore.Mvc.Infrastructure.ObjectResultExecutor|Executing ObjectResult, writing value of type 'System.String[]'.
2020-02-13 10:24:56.5034|INFO|Microsoft.AspNetCore.Mvc.Internal.ControllerActionInvoker|Executed action Assignment.InventoryService.Controllers.ValuesController.Get (Assignment.InventoryService) in 96.9154ms
2020-02-13 10:24:56.5945|INFO|Microsoft.AspNetCore.Routing.EndpointMiddleware|Executed endpoint 'Assignment.InventoryService.Controllers.ValuesController.Get (Assignment.InventoryService)'
2020-02-13 10:24:56.6386|INFO|Microsoft.AspNetCore.Hosting.Internal.WebHost|Request finished in 569.4217ms 200 application/json; charset=utf-8
2020-02-13 10:24:56.8088|INFO|Microsoft.AspNetCore.Hosting.Internal.WebHost|Request starting HTTP/2.0 GET https://localhost:44394/favicon.ico  
2020-02-13 10:24:56.8273|INFO|Microsoft.AspNetCore.Hosting.Internal.WebHost|Request finished in 13.1588ms 404 
2020-02-13 10:43:34.3968|INFO|Microsoft.AspNetCore.Hosting.Internal.WebHost|Request starting HTTP/2.0 GET https://localhost:44394/api/values  
2020-02-13 10:43:34.6753|INFO|Microsoft.AspNetCore.Routing.EndpointMiddleware|Executing endpoint 'Assignment.InventoryService.Controllers.ValuesController.Get (Assignment.InventoryService)'
2020-02-13 10:43:34.7122|INFO|Microsoft.AspNetCore.Mvc.Internal.ControllerActionInvoker|Route matched with {action = "Get", controller = "Values"}. Executing controller action with signature Microsoft.AspNetCore.Mvc.ActionResult`1[System.Collections.Generic.IEnumerable`1[System.String]] Get() on controller Assignment.InventoryService.Controllers.ValuesController (Assignment.InventoryService).
2020-02-13 10:43:34.7424|INFO|Microsoft.AspNetCore.Mvc.Internal.ControllerActionInvoker|Executing action method Assignment.InventoryService.Controllers.ValuesController.Get (Assignment.InventoryService) - Validation state: Valid
2020-02-13 10:43:34.7569|INFO|Microsoft.AspNetCore.Mvc.Internal.ControllerActionInvoker|Executed action method Assignment.InventoryService.Controllers.ValuesController.Get (Assignment.InventoryService), returned result Microsoft.AspNetCore.Mvc.ObjectResult in 0.5027ms.
2020-02-13 10:43:34.7796|INFO|Microsoft.AspNetCore.Mvc.Infrastructure.ObjectResultExecutor|Executing ObjectResult, writing value of type 'System.String[]'.
2020-02-13 10:43:34.8787|INFO|Microsoft.AspNetCore.Mvc.Internal.ControllerActionInvoker|Executed action Assignment.InventoryService.Controllers.ValuesController.Get (Assignment.InventoryService) in 138.7109ms
2020-02-13 10:43:34.9467|INFO|Microsoft.AspNetCore.Routing.EndpointMiddleware|Executed endpoint 'Assignment.InventoryService.Controllers.ValuesController.Get (Assignment.InventoryService)'
2020-02-13 10:43:35.0395|INFO|Microsoft.AspNetCore.Hosting.Internal.WebHost|Request finished in 587.8707ms 200 application/json; charset=utf-8
2020-02-13 10:51:35.9812|INFO|Microsoft.AspNetCore.Hosting.Internal.WebHost|Request starting HTTP/2.0 GET https://localhost:44394/api/values  
2020-02-13 10:51:36.1790|INFO|Microsoft.AspNetCore.Routing.EndpointMiddleware|Executing endpoint 'Assignment.InventoryService.Controllers.ValuesController.Get (Assignment.InventoryService)'
2020-02-13 10:51:36.1992|INFO|Microsoft.AspNetCore.Mvc.Internal.ControllerActionInvoker|Route matched with {action = "Get", controller = "Values"}. Executing controller action with signature Microsoft.AspNetCore.Mvc.ActionResult`1[System.Collections.Generic.IEnumerable`1[System.String]] Get() on controller Assignment.InventoryService.Controllers.ValuesController (Assignment.InventoryService).
2020-02-13 10:51:36.2177|INFO|Microsoft.AspNetCore.Mvc.Internal.ControllerActionInvoker|Executing action method Assignment.InventoryService.Controllers.ValuesController.Get (Assignment.InventoryService) - Validation state: Valid
2020-02-13 10:51:36.2177|INFO|Microsoft.AspNetCore.Mvc.Internal.ControllerActionInvoker|Executed action method Assignment.InventoryService.Controllers.ValuesController.Get (Assignment.InventoryService), returned result Microsoft.AspNetCore.Mvc.ObjectResult in 0.5483ms.
2020-02-13 10:51:36.2426|INFO|Microsoft.AspNetCore.Mvc.Infrastructure.ObjectResultExecutor|Executing ObjectResult, writing value of type 'System.String[]'.
2020-02-13 10:51:36.2847|INFO|Microsoft.AspNetCore.Mvc.Internal.ControllerActionInvoker|Executed action Assignment.InventoryService.Controllers.ValuesController.Get (Assignment.InventoryService) in 75.491ms
2020-02-13 10:51:36.2931|INFO|Microsoft.AspNetCore.Routing.EndpointMiddleware|Executed endpoint 'Assignment.InventoryService.Controllers.ValuesController.Get (Assignment.InventoryService)'
2020-02-13 10:51:36.2931|INFO|Microsoft.AspNetCore.Hosting.Internal.WebHost|Request finished in 327.8465ms 200 application/json; charset=utf-8
2020-02-13 11:04:42.7693|INFO|Microsoft.AspNetCore.Hosting.Internal.WebHost|Request starting HTTP/2.0 GET https://localhost:44394/api/values  
2020-02-13 11:04:42.9944|INFO|Microsoft.AspNetCore.Routing.EndpointMiddleware|Executing endpoint 'Assignment.InventoryService.Controllers.ValuesController.Get (Assignment.InventoryService)'
2020-02-13 11:04:43.0171|INFO|Microsoft.AspNetCore.Mvc.Internal.ControllerActionInvoker|Route matched with {action = "Get", controller = "Values"}. Executing controller action with signature Microsoft.AspNetCore.Mvc.ActionResult`1[System.Collections.Generic.IEnumerable`1[System.String]] Get() on controller Assignment.InventoryService.Controllers.ValuesController (Assignment.InventoryService).
2020-02-13 11:04:43.0370|INFO|Microsoft.AspNetCore.Mvc.Internal.ControllerActionInvoker|Executing action method Assignment.InventoryService.Controllers.ValuesController.Get (Assignment.InventoryService) - Validation state: Valid
2020-02-13 11:04:43.0488|INFO|Microsoft.AspNetCore.Mvc.Internal.ControllerActionInvoker|Executed action method Assignment.InventoryService.Controllers.ValuesController.Get (Assignment.InventoryService), returned result Microsoft.AspNetCore.Mvc.ObjectResult in 0.422ms.
2020-02-13 11:04:43.0675|INFO|Microsoft.AspNetCore.Mvc.Infrastructure.ObjectResultExecutor|Executing ObjectResult, writing value of type 'System.String[]'.
2020-02-13 11:04:43.1165|INFO|Microsoft.AspNetCore.Mvc.Internal.ControllerActionInvoker|Executed action Assignment.InventoryService.Controllers.ValuesController.Get (Assignment.InventoryService) in 87.2598ms
2020-02-13 11:04:43.1165|INFO|Microsoft.AspNetCore.Routing.EndpointMiddleware|Executed endpoint 'Assignment.InventoryService.Controllers.ValuesController.Get (Assignment.InventoryService)'
2020-02-13 11:04:43.1396|INFO|Microsoft.AspNetCore.Hosting.Internal.WebHost|Request finished in 378.2745ms 200 application/json; charset=utf-8
2020-02-13 11:11:55.6524|INFO|Microsoft.AspNetCore.Hosting.Internal.WebHost|Request starting HTTP/1.1 POST https://localhost:44394/api/inventory/product/add application/json 53
2020-02-13 11:11:55.6920|INFO|Microsoft.AspNetCore.Authentication.JwtBearer.JwtBearerHandler|Successfully validated the token.
2020-02-13 11:11:55.7020|INFO|Microsoft.AspNetCore.Routing.EndpointMiddleware|Executing endpoint 'Assignment.InventoryService.Controllers.InventoryController.AddProduct (Assignment.InventoryService)'
2020-02-13 11:11:55.7200|INFO|Microsoft.AspNetCore.Mvc.Internal.ControllerActionInvoker|Route matched with {action = "AddProduct", controller = "Inventory"}. Executing controller action with signature Microsoft.AspNetCore.Mvc.ActionResult`1[Assignment.InventoryService.Dtos.ResponseModel] AddProduct(Assignment.InventoryService.Models.Product) on controller Assignment.InventoryService.Controllers.InventoryController (Assignment.InventoryService).
2020-02-13 11:11:55.7355|INFO|Microsoft.AspNetCore.Authorization.DefaultAuthorizationService|Authorization was successful.
2020-02-13 11:11:55.7807|INFO|Microsoft.AspNetCore.Mvc.Internal.ControllerActionInvoker|Executing action method Assignment.InventoryService.Controllers.InventoryController.AddProduct (Assignment.InventoryService) - Validation state: Valid
2020-02-13 11:11:55.7901|INFO|Microsoft.AspNetCore.Mvc.Internal.ControllerActionInvoker|Executed action method Assignment.InventoryService.Controllers.InventoryController.AddProduct (Assignment.InventoryService), returned result Microsoft.AspNetCore.Mvc.OkResult in 4.0558ms.
2020-02-13 11:11:55.7901|INFO|Microsoft.AspNetCore.Mvc.StatusCodeResult|Executing HttpStatusCodeResult, setting HTTP status code 200
2020-02-13 11:11:55.8030|INFO|Microsoft.AspNetCore.Mvc.Internal.ControllerActionInvoker|Executed action Assignment.InventoryService.Controllers.InventoryController.AddProduct (Assignment.InventoryService) in 78.0527ms
2020-02-13 11:11:55.8030|INFO|Microsoft.AspNetCore.Routing.EndpointMiddleware|Executed endpoint 'Assignment.InventoryService.Controllers.InventoryController.AddProduct (Assignment.InventoryService)'
2020-02-13 11:11:55.8030|INFO|Microsoft.AspNetCore.Hosting.Internal.WebHost|Request finished in 161.3658ms 200 
2020-02-13 11:27:17.5786|INFO|Microsoft.AspNetCore.Hosting.Internal.WebHost|Request starting HTTP/2.0 GET https://localhost:44394/api/values  
2020-02-13 11:27:17.7355|INFO|Microsoft.AspNetCore.Routing.EndpointMiddleware|Executing endpoint 'Assignment.InventoryService.Controllers.ValuesController.Get (Assignment.InventoryService)'
2020-02-13 11:27:17.7544|INFO|Microsoft.AspNetCore.Mvc.Internal.ControllerActionInvoker|Route matched with {action = "Get", controller = "Values"}. Executing controller action with signature Microsoft.AspNetCore.Mvc.ActionResult`1[System.Collections.Generic.IEnumerable`1[System.String]] Get() on controller Assignment.InventoryService.Controllers.ValuesController (Assignment.InventoryService).
2020-02-13 11:27:17.7732|INFO|Microsoft.AspNetCore.Mvc.Internal.ControllerActionInvoker|Executing action method Assignment.InventoryService.Controllers.ValuesController.Get (Assignment.InventoryService) - Validation state: Valid
2020-02-13 11:27:17.7732|INFO|Microsoft.AspNetCore.Mvc.Internal.ControllerActionInvoker|Executed action method Assignment.InventoryService.Controllers.ValuesController.Get (Assignment.InventoryService), returned result Microsoft.AspNetCore.Mvc.ObjectResult in 0.4257ms.
2020-02-13 11:27:17.7936|INFO|Microsoft.AspNetCore.Mvc.Infrastructure.ObjectResultExecutor|Executing ObjectResult, writing value of type 'System.String[]'.
2020-02-13 11:27:17.8288|INFO|Microsoft.AspNetCore.Mvc.Internal.ControllerActionInvoker|Executed action Assignment.InventoryService.Controllers.ValuesController.Get (Assignment.InventoryService) in 61.3118ms
2020-02-13 11:27:17.8358|INFO|Microsoft.AspNetCore.Routing.EndpointMiddleware|Executed endpoint 'Assignment.InventoryService.Controllers.ValuesController.Get (Assignment.InventoryService)'
2020-02-13 11:27:17.8358|INFO|Microsoft.AspNetCore.Hosting.Internal.WebHost|Request finished in 270.1838ms 200 application/json; charset=utf-8
2020-02-13 11:31:45.5049|INFO|Microsoft.AspNetCore.Hosting.Internal.WebHost|Request starting HTTP/1.1 POST https://localhost:44394/api/inventory/product/add application/json 53
2020-02-13 11:31:45.5357|INFO|Microsoft.AspNetCore.Authentication.JwtBearer.JwtBearerHandler|Successfully validated the token.
2020-02-13 11:31:45.5357|INFO|Microsoft.AspNetCore.Routing.EndpointMiddleware|Executing endpoint 'Assignment.InventoryService.Controllers.InventoryController.AddProduct (Assignment.InventoryService)'
2020-02-13 11:31:45.5629|INFO|Microsoft.AspNetCore.Mvc.Internal.ControllerActionInvoker|Route matched with {action = "AddProduct", controller = "Inventory"}. Executing controller action with signature Microsoft.AspNetCore.Mvc.ActionResult`1[Assignment.InventoryService.Dtos.ResponseModel] AddProduct(Assignment.InventoryService.Models.Product) on controller Assignment.InventoryService.Controllers.InventoryController (Assignment.InventoryService).
2020-02-13 11:31:45.5753|INFO|Microsoft.AspNetCore.Authorization.DefaultAuthorizationService|Authorization was successful.
2020-02-13 11:31:45.6131|INFO|Microsoft.AspNetCore.Mvc.Internal.ControllerActionInvoker|Executing action method Assignment.InventoryService.Controllers.InventoryController.AddProduct (Assignment.InventoryService) - Validation state: Valid
2020-02-13 11:31:45.6131|INFO|Microsoft.AspNetCore.Mvc.Internal.ControllerActionInvoker|Executed action method Assignment.InventoryService.Controllers.InventoryController.AddProduct (Assignment.InventoryService), returned result Microsoft.AspNetCore.Mvc.OkResult in 2.9195ms.
2020-02-13 11:31:45.6308|INFO|Microsoft.AspNetCore.Mvc.StatusCodeResult|Executing HttpStatusCodeResult, setting HTTP status code 200
2020-02-13 11:31:45.6308|INFO|Microsoft.AspNetCore.Mvc.Internal.ControllerActionInvoker|Executed action Assignment.InventoryService.Controllers.InventoryController.AddProduct (Assignment.InventoryService) in 67.8705ms
2020-02-13 11:31:45.6308|INFO|Microsoft.AspNetCore.Routing.EndpointMiddleware|Executed endpoint 'Assignment.InventoryService.Controllers.InventoryController.AddProduct (Assignment.InventoryService)'
2020-02-13 11:31:45.6514|INFO|Microsoft.AspNetCore.Hosting.Internal.WebHost|Request finished in 144.4988ms 200 
2020-02-13 11:31:49.1360|INFO|Microsoft.AspNetCore.Hosting.Internal.WebHost|Request starting HTTP/1.1 GET https://localhost:44394/api/inventory/product/P  0
2020-02-13 11:31:49.1442|INFO|Microsoft.AspNetCore.Authentication.JwtBearer.JwtBearerHandler|Successfully validated the token.
2020-02-13 11:31:49.1442|INFO|Microsoft.AspNetCore.Routing.EndpointMiddleware|Executing endpoint 'Assignment.InventoryService.Controllers.InventoryController.GetProductsByName (Assignment.InventoryService)'
2020-02-13 11:31:49.1442|INFO|Microsoft.AspNetCore.Mvc.Internal.ControllerActionInvoker|Route matched with {action = "GetProductsByName", controller = "Inventory"}. Executing controller action with signature Microsoft.AspNetCore.Mvc.ActionResult`1[Assignment.InventoryService.Dtos.ResponseModel] GetProductsByName(System.String) on controller Assignment.InventoryService.Controllers.InventoryController (Assignment.InventoryService).
2020-02-13 11:31:49.1669|INFO|Microsoft.AspNetCore.Authorization.DefaultAuthorizationService|Authorization was successful.
2020-02-13 11:31:49.1669|INFO|Microsoft.AspNetCore.Mvc.Internal.ControllerActionInvoker|Executing action method Assignment.InventoryService.Controllers.InventoryController.GetProductsByName (Assignment.InventoryService) - Validation state: Valid
2020-02-13 11:31:49.1760|INFO|Microsoft.AspNetCore.Mvc.Internal.ControllerActionInvoker|Executed action method Assignment.InventoryService.Controllers.InventoryController.GetProductsByName (Assignment.InventoryService), returned result Microsoft.AspNetCore.Mvc.ObjectResult in 2.0753ms.
2020-02-13 11:31:49.1760|INFO|Microsoft.AspNetCore.Mvc.Infrastructure.ObjectResultExecutor|Executing ObjectResult, writing value of type 'Assignment.InventoryService.Dtos.ResponseModel'.
2020-02-13 11:31:49.1967|INFO|Microsoft.AspNetCore.Mvc.Internal.ControllerActionInvoker|Executed action Assignment.InventoryService.Controllers.InventoryController.GetProductsByName (Assignment.InventoryService) in 32.1626ms
2020-02-13 11:31:49.1967|INFO|Microsoft.AspNetCore.Routing.EndpointMiddleware|Executed endpoint 'Assignment.InventoryService.Controllers.InventoryController.GetProductsByName (Assignment.InventoryService)'
2020-02-13 11:31:49.2075|INFO|Microsoft.AspNetCore.Hosting.Internal.WebHost|Request finished in 72.5791ms 200 application/json; charset=utf-8
2020-02-13 11:38:32.9572|INFO|Microsoft.AspNetCore.Hosting.Internal.WebHost|Request starting HTTP/2.0 GET https://localhost:44394/api/values  
2020-02-13 11:38:33.1763|INFO|Microsoft.AspNetCore.Routing.EndpointMiddleware|Executing endpoint 'Assignment.InventoryService.Controllers.ValuesController.Get (Assignment.InventoryService)'
2020-02-13 11:38:33.1973|INFO|Microsoft.AspNetCore.Mvc.Internal.ControllerActionInvoker|Route matched with {action = "Get", controller = "Values"}. Executing controller action with signature Microsoft.AspNetCore.Mvc.ActionResult`1[System.Collections.Generic.IEnumerable`1[System.String]] Get() on controller Assignment.InventoryService.Controllers.ValuesController (Assignment.InventoryService).
2020-02-13 11:38:33.2207|INFO|Microsoft.AspNetCore.Mvc.Internal.ControllerActionInvoker|Executing action method Assignment.InventoryService.Controllers.ValuesController.Get (Assignment.InventoryService) - Validation state: Valid
2020-02-13 11:38:33.2207|INFO|Microsoft.AspNetCore.Mvc.Internal.ControllerActionInvoker|Executed action method Assignment.InventoryService.Controllers.ValuesController.Get (Assignment.InventoryService), returned result Microsoft.AspNetCore.Mvc.ObjectResult in 1.3029ms.
2020-02-13 11:38:33.2503|INFO|Microsoft.AspNetCore.Mvc.Infrastructure.ObjectResultExecutor|Executing ObjectResult, writing value of type 'System.String[]'.
2020-02-13 11:38:33.3018|INFO|Microsoft.AspNetCore.Mvc.Internal.ControllerActionInvoker|Executed action Assignment.InventoryService.Controllers.ValuesController.Get (Assignment.InventoryService) in 96.0847ms
2020-02-13 11:38:33.3018|INFO|Microsoft.AspNetCore.Routing.EndpointMiddleware|Executed endpoint 'Assignment.InventoryService.Controllers.ValuesController.Get (Assignment.InventoryService)'
2020-02-13 11:38:33.3196|INFO|Microsoft.AspNetCore.Hosting.Internal.WebHost|Request finished in 367.97ms 200 application/json; charset=utf-8
2020-02-13 11:40:50.4962|INFO|Microsoft.AspNetCore.Hosting.Internal.WebHost|Request starting HTTP/1.1 POST https://localhost:44394/api/inventory/product/add application/json 53
2020-02-13 11:40:50.5270|INFO|Microsoft.AspNetCore.Authentication.JwtBearer.JwtBearerHandler|Successfully validated the token.
2020-02-13 11:40:50.5361|INFO|Microsoft.AspNetCore.Routing.EndpointMiddleware|Executing endpoint 'Assignment.InventoryService.Controllers.InventoryController.AddProduct (Assignment.InventoryService)'
2020-02-13 11:40:50.5525|INFO|Microsoft.AspNetCore.Mvc.Internal.ControllerActionInvoker|Route matched with {action = "AddProduct", controller = "Inventory"}. Executing controller action with signature Microsoft.AspNetCore.Mvc.ActionResult`1[Assignment.InventoryService.Dtos.ResponseModel] AddProduct(Assignment.InventoryService.Models.Product) on controller Assignment.InventoryService.Controllers.InventoryController (Assignment.InventoryService).
2020-02-13 11:40:50.5679|INFO|Microsoft.AspNetCore.Authorization.DefaultAuthorizationService|Authorization was successful.
2020-02-13 11:40:50.6075|INFO|Microsoft.AspNetCore.Mvc.Internal.ControllerActionInvoker|Executing action method Assignment.InventoryService.Controllers.InventoryController.AddProduct (Assignment.InventoryService) - Validation state: Valid
2020-02-13 11:40:50.6148|INFO|Microsoft.AspNetCore.Mvc.Internal.ControllerActionInvoker|Executed action method Assignment.InventoryService.Controllers.InventoryController.AddProduct (Assignment.InventoryService), returned result Microsoft.AspNetCore.Mvc.OkResult in 2.8079ms.
2020-02-13 11:40:50.6148|INFO|Microsoft.AspNetCore.Mvc.StatusCodeResult|Executing HttpStatusCodeResult, setting HTTP status code 200
2020-02-13 11:40:50.6305|INFO|Microsoft.AspNetCore.Mvc.Internal.ControllerActionInvoker|Executed action Assignment.InventoryService.Controllers.InventoryController.AddProduct (Assignment.InventoryService) in 72.688ms
2020-02-13 11:40:50.6305|INFO|Microsoft.AspNetCore.Routing.EndpointMiddleware|Executed endpoint 'Assignment.InventoryService.Controllers.InventoryController.AddProduct (Assignment.InventoryService)'
2020-02-13 11:40:50.6305|INFO|Microsoft.AspNetCore.Hosting.Internal.WebHost|Request finished in 144.726ms 200 
2020-02-13 11:41:27.6718|INFO|Microsoft.AspNetCore.Hosting.Internal.WebHost|Request starting HTTP/1.1 GET https://localhost:44394/api/inventory/product/P  0
2020-02-13 11:41:27.6858|INFO|Microsoft.AspNetCore.Authentication.JwtBearer.JwtBearerHandler|Successfully validated the token.
2020-02-13 11:41:27.6965|INFO|Microsoft.AspNetCore.Routing.EndpointMiddleware|Executing endpoint 'Assignment.InventoryService.Controllers.InventoryController.GetProductsByName (Assignment.InventoryService)'
2020-02-13 11:41:27.6965|INFO|Microsoft.AspNetCore.Mvc.Internal.ControllerActionInvoker|Route matched with {action = "GetProductsByName", controller = "Inventory"}. Executing controller action with signature Microsoft.AspNetCore.Mvc.ActionResult`1[Assignment.InventoryService.Dtos.ResponseModel] GetProductsByName(System.String) on controller Assignment.InventoryService.Controllers.InventoryController (Assignment.InventoryService).
2020-02-13 11:41:27.7116|INFO|Microsoft.AspNetCore.Authorization.DefaultAuthorizationService|Authorization was successful.
2020-02-13 11:41:27.7207|INFO|Microsoft.AspNetCore.Mvc.Internal.ControllerActionInvoker|Executing action method Assignment.InventoryService.Controllers.InventoryController.GetProductsByName (Assignment.InventoryService) - Validation state: Valid
2020-02-13 11:41:27.7207|INFO|Microsoft.AspNetCore.Mvc.Internal.ControllerActionInvoker|Executed action method Assignment.InventoryService.Controllers.InventoryController.GetProductsByName (Assignment.InventoryService), returned result Microsoft.AspNetCore.Mvc.ObjectResult in 2.0247ms.
2020-02-13 11:41:27.7207|INFO|Microsoft.AspNetCore.Mvc.Infrastructure.ObjectResultExecutor|Executing ObjectResult, writing value of type 'Assignment.InventoryService.Dtos.ResponseModel'.
2020-02-13 11:41:27.7415|INFO|Microsoft.AspNetCore.Mvc.Internal.ControllerActionInvoker|Executed action Assignment.InventoryService.Controllers.InventoryController.GetProductsByName (Assignment.InventoryService) in 33.313ms
2020-02-13 11:41:27.7415|INFO|Microsoft.AspNetCore.Routing.EndpointMiddleware|Executed endpoint 'Assignment.InventoryService.Controllers.InventoryController.GetProductsByName (Assignment.InventoryService)'
2020-02-13 11:41:27.7521|INFO|Microsoft.AspNetCore.Hosting.Internal.WebHost|Request finished in 82.034ms 200 application/json; charset=utf-8
2020-02-13 12:12:08.8969|INFO|Microsoft.AspNetCore.Hosting.Internal.WebHost|Request starting HTTP/2.0 GET https://localhost:44394/api/values  
2020-02-13 12:12:09.1071|INFO|Microsoft.AspNetCore.Routing.EndpointMiddleware|Executing endpoint 'Assignment.InventoryService.Controllers.ValuesController.Get (Assignment.InventoryService)'
2020-02-13 12:12:09.1550|INFO|Microsoft.AspNetCore.Mvc.Internal.ControllerActionInvoker|Route matched with {action = "Get", controller = "Values"}. Executing controller action with signature Microsoft.AspNetCore.Mvc.ActionResult`1[System.Collections.Generic.IEnumerable`1[System.String]] Get() on controller Assignment.InventoryService.Controllers.ValuesController (Assignment.InventoryService).
2020-02-13 12:12:09.1745|INFO|Microsoft.AspNetCore.Mvc.Internal.ControllerActionInvoker|Executing action method Assignment.InventoryService.Controllers.ValuesController.Get (Assignment.InventoryService) - Validation state: Valid
2020-02-13 12:12:09.1919|INFO|Microsoft.AspNetCore.Mvc.Internal.ControllerActionInvoker|Executed action method Assignment.InventoryService.Controllers.ValuesController.Get (Assignment.InventoryService), returned result Microsoft.AspNetCore.Mvc.ObjectResult in 1.3714ms.
2020-02-13 12:12:09.2066|INFO|Microsoft.AspNetCore.Mvc.Infrastructure.ObjectResultExecutor|Executing ObjectResult, writing value of type 'System.String[]'.
2020-02-13 12:12:09.2443|INFO|Microsoft.AspNetCore.Mvc.Internal.ControllerActionInvoker|Executed action Assignment.InventoryService.Controllers.ValuesController.Get (Assignment.InventoryService) in 81.5269ms
2020-02-13 12:12:09.2511|INFO|Microsoft.AspNetCore.Routing.EndpointMiddleware|Executed endpoint 'Assignment.InventoryService.Controllers.ValuesController.Get (Assignment.InventoryService)'
2020-02-13 12:12:09.2511|INFO|Microsoft.AspNetCore.Hosting.Internal.WebHost|Request finished in 367.388ms 200 application/json; charset=utf-8
2020-02-13 12:14:18.2949|INFO|Microsoft.AspNetCore.Hosting.Internal.WebHost|Request starting HTTP/1.1 POST https://localhost:44394/api/inventory/product/add application/json 53
2020-02-13 12:14:18.3299|INFO|Microsoft.AspNetCore.Authentication.JwtBearer.JwtBearerHandler|Successfully validated the token.
2020-02-13 12:14:18.3299|INFO|Microsoft.AspNetCore.Routing.EndpointMiddleware|Executing endpoint 'Assignment.InventoryService.Controllers.InventoryController.AddProduct (Assignment.InventoryService)'
2020-02-13 12:14:18.3567|INFO|Microsoft.AspNetCore.Mvc.Internal.ControllerActionInvoker|Route matched with {action = "AddProduct", controller = "Inventory"}. Executing controller action with signature Microsoft.AspNetCore.Mvc.ActionResult`1[Assignment.InventoryService.Dtos.ResponseModel] AddProduct(Assignment.InventoryService.Models.Product) on controller Assignment.InventoryService.Controllers.InventoryController (Assignment.InventoryService).
2020-02-13 12:14:18.3703|INFO|Microsoft.AspNetCore.Authorization.DefaultAuthorizationService|Authorization was successful.
2020-02-13 12:14:18.4042|INFO|Microsoft.AspNetCore.Mvc.Internal.ControllerActionInvoker|Executing action method Assignment.InventoryService.Controllers.InventoryController.AddProduct (Assignment.InventoryService) - Validation state: Valid
2020-02-13 12:14:18.4064|INFO|Microsoft.AspNetCore.Mvc.Internal.ControllerActionInvoker|Executed action method Assignment.InventoryService.Controllers.InventoryController.AddProduct (Assignment.InventoryService), returned result Microsoft.AspNetCore.Mvc.OkResult in 3.0702ms.
2020-02-13 12:14:18.4064|INFO|Microsoft.AspNetCore.Mvc.StatusCodeResult|Executing HttpStatusCodeResult, setting HTTP status code 200
2020-02-13 12:14:18.4269|INFO|Microsoft.AspNetCore.Mvc.Internal.ControllerActionInvoker|Executed action Assignment.InventoryService.Controllers.InventoryController.AddProduct (Assignment.InventoryService) in 63.5284ms
2020-02-13 12:14:18.4269|INFO|Microsoft.AspNetCore.Routing.EndpointMiddleware|Executed endpoint 'Assignment.InventoryService.Controllers.InventoryController.AddProduct (Assignment.InventoryService)'
2020-02-13 12:14:18.4379|INFO|Microsoft.AspNetCore.Hosting.Internal.WebHost|Request finished in 144.378ms 200 
2020-02-13 12:14:22.1202|INFO|Microsoft.AspNetCore.Hosting.Internal.WebHost|Request starting HTTP/1.1 GET https://localhost:44394/api/inventory/product/P  0
2020-02-13 12:14:22.1202|INFO|Microsoft.AspNetCore.Authentication.JwtBearer.JwtBearerHandler|Successfully validated the token.
2020-02-13 12:14:22.1311|INFO|Microsoft.AspNetCore.Routing.EndpointMiddleware|Executing endpoint 'Assignment.InventoryService.Controllers.InventoryController.GetProductsByName (Assignment.InventoryService)'
2020-02-13 12:14:22.1311|INFO|Microsoft.AspNetCore.Mvc.Internal.ControllerActionInvoker|Route matched with {action = "GetProductsByName", controller = "Inventory"}. Executing controller action with signature Microsoft.AspNetCore.Mvc.ActionResult`1[Assignment.InventoryService.Dtos.ResponseModel] GetProductsByName(System.String) on controller Assignment.InventoryService.Controllers.InventoryController (Assignment.InventoryService).
2020-02-13 12:14:22.1443|INFO|Microsoft.AspNetCore.Authorization.DefaultAuthorizationService|Authorization was successful.
2020-02-13 12:14:22.1443|INFO|Microsoft.AspNetCore.Mvc.Internal.ControllerActionInvoker|Executing action method Assignment.InventoryService.Controllers.InventoryController.GetProductsByName (Assignment.InventoryService) - Validation state: Valid
2020-02-13 12:14:22.1591|INFO|Microsoft.AspNetCore.Mvc.Internal.ControllerActionInvoker|Executed action method Assignment.InventoryService.Controllers.InventoryController.GetProductsByName (Assignment.InventoryService), returned result Microsoft.AspNetCore.Mvc.ObjectResult in 3.6998ms.
2020-02-13 12:14:22.1591|INFO|Microsoft.AspNetCore.Mvc.Infrastructure.ObjectResultExecutor|Executing ObjectResult, writing value of type 'Assignment.InventoryService.Dtos.ResponseModel'.
2020-02-13 12:14:22.1720|INFO|Microsoft.AspNetCore.Mvc.Internal.ControllerActionInvoker|Executed action Assignment.InventoryService.Controllers.InventoryController.GetProductsByName (Assignment.InventoryService) in 28.2719ms
2020-02-13 12:14:22.1720|INFO|Microsoft.AspNetCore.Routing.EndpointMiddleware|Executed endpoint 'Assignment.InventoryService.Controllers.InventoryController.GetProductsByName (Assignment.InventoryService)'
2020-02-13 12:14:22.1720|INFO|Microsoft.AspNetCore.Hosting.Internal.WebHost|Request finished in 60.342ms 200 application/json; charset=utf-8
2020-02-13 13:35:27.2405|INFO|Microsoft.AspNetCore.Hosting.Internal.WebHost|Request starting HTTP/2.0 GET https://localhost:44394/api/values  
2020-02-13 13:35:27.4024|INFO|Microsoft.AspNetCore.Routing.EndpointMiddleware|Executing endpoint 'Assignment.InventoryService.Controllers.ValuesController.Get (Assignment.InventoryService)'
2020-02-13 13:35:27.4289|INFO|Microsoft.AspNetCore.Mvc.Internal.ControllerActionInvoker|Route matched with {action = "Get", controller = "Values"}. Executing controller action with signature Microsoft.AspNetCore.Mvc.ActionResult`1[System.Collections.Generic.IEnumerable`1[System.String]] Get() on controller Assignment.InventoryService.Controllers.ValuesController (Assignment.InventoryService).
2020-02-13 13:35:27.4480|INFO|Microsoft.AspNetCore.Mvc.Internal.ControllerActionInvoker|Executing action method Assignment.InventoryService.Controllers.ValuesController.Get (Assignment.InventoryService) - Validation state: Valid
2020-02-13 13:35:27.4555|INFO|Microsoft.AspNetCore.Mvc.Internal.ControllerActionInvoker|Executed action method Assignment.InventoryService.Controllers.ValuesController.Get (Assignment.InventoryService), returned result Microsoft.AspNetCore.Mvc.ObjectResult in 0.3578ms.
2020-02-13 13:35:27.4698|INFO|Microsoft.AspNetCore.Mvc.Infrastructure.ObjectResultExecutor|Executing ObjectResult, writing value of type 'System.String[]'.
2020-02-13 13:35:27.5067|INFO|Microsoft.AspNetCore.Mvc.Internal.ControllerActionInvoker|Executed action Assignment.InventoryService.Controllers.ValuesController.Get (Assignment.InventoryService) in 66.9027ms
2020-02-13 13:35:27.6032|INFO|Microsoft.AspNetCore.Routing.EndpointMiddleware|Executed endpoint 'Assignment.InventoryService.Controllers.ValuesController.Get (Assignment.InventoryService)'
2020-02-13 13:35:27.6212|INFO|Microsoft.AspNetCore.Hosting.Internal.WebHost|Request finished in 374.5169ms 200 application/json; charset=utf-8
