2020-02-11 13:37:26.1684|INFO|Microsoft.AspNetCore.Hosting.Internal.WebHost|Request starting HTTP/1.1 GET https://localhost:44395/api/values  
2020-02-11 13:37:29.3527|INFO|Microsoft.AspNetCore.Routing.EndpointMiddleware|Executing endpoint 'Assignment.InventoryService.Controllers.ValuesController.Get (Assignment.InventoryService)'
2020-02-11 13:37:29.4075|INFO|Microsoft.AspNetCore.Mvc.Internal.ControllerActionInvoker|Route matched with {action = "Get", controller = "Values"}. Executing controller action with signature Microsoft.AspNetCore.Mvc.ActionResult`1[System.Collections.Generic.IEnumerable`1[System.String]] Get() on controller Assignment.InventoryService.Controllers.ValuesController (Assignment.InventoryService).
2020-02-11 13:37:29.4340|INFO|Microsoft.AspNetCore.Mvc.Internal.ControllerActionInvoker|Executing action method Assignment.InventoryService.Controllers.ValuesController.Get (Assignment.InventoryService) - Validation state: Valid
2020-02-11 13:37:29.4512|INFO|Microsoft.AspNetCore.Mvc.Internal.ControllerActionInvoker|Executed action method Assignment.InventoryService.Controllers.ValuesController.Get (Assignment.InventoryService), returned result Microsoft.AspNetCore.Mvc.ObjectResult in 0.4082ms.
2020-02-11 13:37:29.4721|INFO|Microsoft.AspNetCore.Mvc.Infrastructure.ObjectResultExecutor|Executing ObjectResult, writing value of type 'System.String[]'.
2020-02-11 13:37:29.5749|INFO|Microsoft.AspNetCore.Mvc.Internal.ControllerActionInvoker|Executed action Assignment.InventoryService.Controllers.ValuesController.Get (Assignment.InventoryService) in 147.5138ms
2020-02-11 13:37:29.6077|INFO|Microsoft.AspNetCore.Routing.EndpointMiddleware|Executed endpoint 'Assignment.InventoryService.Controllers.ValuesController.Get (Assignment.InventoryService)'
2020-02-11 13:37:29.6990|INFO|Microsoft.AspNetCore.Hosting.Internal.WebHost|Request finished in 3538.3523ms 200 application/json; charset=utf-8
2020-02-11 13:38:28.6518|INFO|Microsoft.AspNetCore.Hosting.Internal.WebHost|Request starting HTTP/1.1 POST https://localhost:44395/api/inventory/product/add application/json 53
2020-02-11 13:38:28.7458|INFO|Microsoft.AspNetCore.Authentication.JwtBearer.JwtBearerHandler|Successfully validated the token.
2020-02-11 13:38:28.7876|INFO|Microsoft.AspNetCore.Routing.EndpointMiddleware|Executing endpoint 'Assignment.InventoryService.Controllers.InventoryController.AddProduct (Assignment.InventoryService)'
2020-02-11 13:38:28.9252|INFO|Microsoft.AspNetCore.Mvc.Internal.ControllerActionInvoker|Route matched with {action = "AddProduct", controller = "Inventory"}. Executing controller action with signature Microsoft.AspNetCore.Mvc.ActionResult`1[Assignment.InventoryService.Dtos.ResponseModel] AddProduct(Assignment.InventoryService.Models.Product) on controller Assignment.InventoryService.Controllers.InventoryController (Assignment.InventoryService).
2020-02-11 13:38:29.0562|INFO|Microsoft.AspNetCore.Authorization.DefaultAuthorizationService|Authorization was successful.
2020-02-11 13:38:29.2176|INFO|Microsoft.AspNetCore.Mvc.Internal.ControllerActionInvoker|Executing action method Assignment.InventoryService.Controllers.InventoryController.AddProduct (Assignment.InventoryService) - Validation state: Valid
2020-02-11 13:38:29.2608|INFO|Microsoft.AspNetCore.Mvc.Internal.ControllerActionInvoker|Executed action method Assignment.InventoryService.Controllers.InventoryController.AddProduct (Assignment.InventoryService), returned result Microsoft.AspNetCore.Mvc.OkResult in 20.8866ms.
2020-02-11 13:38:29.2788|INFO|Microsoft.AspNetCore.Mvc.StatusCodeResult|Executing HttpStatusCodeResult, setting HTTP status code 200
2020-02-11 13:38:29.2948|INFO|Microsoft.AspNetCore.Mvc.Internal.ControllerActionInvoker|Executed action Assignment.InventoryService.Controllers.InventoryController.AddProduct (Assignment.InventoryService) in 260.5157ms
2020-02-11 13:38:29.3108|INFO|Microsoft.AspNetCore.Routing.EndpointMiddleware|Executed endpoint 'Assignment.InventoryService.Controllers.InventoryController.AddProduct (Assignment.InventoryService)'
2020-02-11 13:38:29.3489|INFO|Microsoft.AspNetCore.Hosting.Internal.WebHost|Request finished in 680.3814ms 200 
2020-02-11 13:38:34.2117|INFO|Microsoft.AspNetCore.Hosting.Internal.WebHost|Request starting HTTP/1.1 GET https://localhost:44395/api/inventory/product/P  
2020-02-11 13:38:34.2335|INFO|Microsoft.AspNetCore.Authentication.JwtBearer.JwtBearerHandler|Successfully validated the token.
2020-02-11 13:38:34.2469|INFO|Microsoft.AspNetCore.Routing.EndpointMiddleware|Executing endpoint 'Assignment.InventoryService.Controllers.InventoryController.GetProductsByName (Assignment.InventoryService)'
2020-02-11 13:38:34.2622|INFO|Microsoft.AspNetCore.Mvc.Internal.ControllerActionInvoker|Route matched with {action = "GetProductsByName", controller = "Inventory"}. Executing controller action with signature Microsoft.AspNetCore.Mvc.ActionResult`1[Assignment.InventoryService.Dtos.ResponseModel] GetProductsByName(System.String) on controller Assignment.InventoryService.Controllers.InventoryController (Assignment.InventoryService).
2020-02-11 13:38:34.3060|INFO|Microsoft.AspNetCore.Authorization.DefaultAuthorizationService|Authorization was successful.
2020-02-11 13:38:34.4186|INFO|Microsoft.AspNetCore.Mvc.Internal.ControllerActionInvoker|Executing action method Assignment.InventoryService.Controllers.InventoryController.GetProductsByName (Assignment.InventoryService) - Validation state: Valid
2020-02-11 13:38:34.5660|INFO|Microsoft.AspNetCore.Mvc.Internal.ControllerActionInvoker|Executed action method Assignment.InventoryService.Controllers.InventoryController.GetProductsByName (Assignment.InventoryService), returned result Microsoft.AspNetCore.Mvc.ObjectResult in 61.32ms.
2020-02-11 13:38:34.6226|INFO|Microsoft.AspNetCore.Mvc.Infrastructure.ObjectResultExecutor|Executing ObjectResult, writing value of type 'Assignment.InventoryService.Dtos.ResponseModel'.
2020-02-11 13:38:34.6643|INFO|Microsoft.AspNetCore.Mvc.Internal.ControllerActionInvoker|Executed action Assignment.InventoryService.Controllers.InventoryController.GetProductsByName (Assignment.InventoryService) in 359.5177ms
2020-02-11 13:38:34.6788|INFO|Microsoft.AspNetCore.Routing.EndpointMiddleware|Executed endpoint 'Assignment.InventoryService.Controllers.InventoryController.GetProductsByName (Assignment.InventoryService)'
2020-02-11 13:38:34.6898|INFO|Microsoft.AspNetCore.Hosting.Internal.WebHost|Request finished in 480.3496ms 200 application/json; charset=utf-8
