2020-02-15 23:46:20.4577|INFO|Microsoft.AspNetCore.Hosting.Internal.WebHost|Request starting HTTP/2.0 GET https://localhost:44394/api/values  
2020-02-15 23:46:20.7118|INFO|Microsoft.AspNetCore.Routing.EndpointMiddleware|Executing endpoint 'Assignment.InventoryService.Controllers.ValuesController.Get (Assignment.InventoryService)'
2020-02-15 23:46:20.7398|INFO|Microsoft.AspNetCore.Mvc.Internal.ControllerActionInvoker|Route matched with {action = "Get", controller = "Values"}. Executing controller action with signature Microsoft.AspNetCore.Mvc.ActionResult`1[System.Collections.Generic.IEnumerable`1[System.String]] Get() on controller Assignment.InventoryService.Controllers.ValuesController (Assignment.InventoryService).
2020-02-15 23:46:20.7578|INFO|Microsoft.AspNetCore.Mvc.Internal.ControllerActionInvoker|Executing action method Assignment.InventoryService.Controllers.ValuesController.Get (Assignment.InventoryService) - Validation state: Valid
2020-02-15 23:46:20.7657|INFO|Microsoft.AspNetCore.Mvc.Internal.ControllerActionInvoker|Executed action method Assignment.InventoryService.Controllers.ValuesController.Get (Assignment.InventoryService), returned result Microsoft.AspNetCore.Mvc.ObjectResult in 0.3849ms.
2020-02-15 23:46:20.7794|INFO|Microsoft.AspNetCore.Mvc.Infrastructure.ObjectResultExecutor|Executing ObjectResult, writing value of type 'System.String[]'.
2020-02-15 23:46:20.8341|INFO|Microsoft.AspNetCore.Mvc.Internal.ControllerActionInvoker|Executed action Assignment.InventoryService.Controllers.ValuesController.Get (Assignment.InventoryService) in 81.7715ms
2020-02-15 23:46:20.8463|INFO|Microsoft.AspNetCore.Routing.EndpointMiddleware|Executed endpoint 'Assignment.InventoryService.Controllers.ValuesController.Get (Assignment.InventoryService)'
2020-02-15 23:46:20.8463|INFO|Microsoft.AspNetCore.Hosting.Internal.WebHost|Request finished in 402.0859ms 200 application/json; charset=utf-8
2020-02-15 23:46:21.0987|INFO|Microsoft.AspNetCore.Hosting.Internal.WebHost|Request starting HTTP/2.0 GET https://localhost:44394/favicon.ico  
2020-02-15 23:46:21.1098|INFO|Microsoft.AspNetCore.Hosting.Internal.WebHost|Request finished in 15.2116ms 404 
2020-02-15 23:50:40.4068|INFO|Microsoft.AspNetCore.Hosting.Internal.WebHost|Request starting HTTP/2.0 GET https://localhost:44394/api/values  
2020-02-15 23:50:40.5921|INFO|Microsoft.AspNetCore.Routing.EndpointMiddleware|Executing endpoint 'Assignment.InventoryService.Controllers.ValuesController.Get (Assignment.InventoryService)'
2020-02-15 23:50:40.6090|INFO|Microsoft.AspNetCore.Mvc.Internal.ControllerActionInvoker|Route matched with {action = "Get", controller = "Values"}. Executing controller action with signature Microsoft.AspNetCore.Mvc.ActionResult`1[System.Collections.Generic.IEnumerable`1[System.String]] Get() on controller Assignment.InventoryService.Controllers.ValuesController (Assignment.InventoryService).
2020-02-15 23:50:40.6304|INFO|Microsoft.AspNetCore.Mvc.Internal.ControllerActionInvoker|Executing action method Assignment.InventoryService.Controllers.ValuesController.Get (Assignment.InventoryService) - Validation state: Valid
2020-02-15 23:50:40.6304|INFO|Microsoft.AspNetCore.Mvc.Internal.ControllerActionInvoker|Executed action method Assignment.InventoryService.Controllers.ValuesController.Get (Assignment.InventoryService), returned result Microsoft.AspNetCore.Mvc.ObjectResult in 0.4327ms.
2020-02-15 23:50:40.6519|INFO|Microsoft.AspNetCore.Mvc.Infrastructure.ObjectResultExecutor|Executing ObjectResult, writing value of type 'System.String[]'.
2020-02-15 23:50:40.6888|INFO|Microsoft.AspNetCore.Mvc.Internal.ControllerActionInvoker|Executed action Assignment.InventoryService.Controllers.ValuesController.Get (Assignment.InventoryService) in 68.0586ms
2020-02-15 23:50:40.6967|INFO|Microsoft.AspNetCore.Routing.EndpointMiddleware|Executed endpoint 'Assignment.InventoryService.Controllers.ValuesController.Get (Assignment.InventoryService)'
2020-02-15 23:50:40.6967|INFO|Microsoft.AspNetCore.Hosting.Internal.WebHost|Request finished in 302.5082ms 200 application/json; charset=utf-8
2020-02-15 23:53:50.2381|INFO|Microsoft.AspNetCore.Hosting.Internal.WebHost|Request starting HTTP/2.0 GET https://localhost:44394/api/values  
2020-02-15 23:53:50.4007|INFO|Microsoft.AspNetCore.Routing.EndpointMiddleware|Executing endpoint 'Assignment.InventoryService.Controllers.ValuesController.Get (Assignment.InventoryService)'
2020-02-15 23:53:50.4203|INFO|Microsoft.AspNetCore.Mvc.Internal.ControllerActionInvoker|Route matched with {action = "Get", controller = "Values"}. Executing controller action with signature Microsoft.AspNetCore.Mvc.ActionResult`1[System.Collections.Generic.IEnumerable`1[System.String]] Get() on controller Assignment.InventoryService.Controllers.ValuesController (Assignment.InventoryService).
2020-02-15 23:53:50.4410|INFO|Microsoft.AspNetCore.Mvc.Internal.ControllerActionInvoker|Executing action method Assignment.InventoryService.Controllers.ValuesController.Get (Assignment.InventoryService) - Validation state: Valid
2020-02-15 23:53:50.4410|INFO|Microsoft.AspNetCore.Mvc.Internal.ControllerActionInvoker|Executed action method Assignment.InventoryService.Controllers.ValuesController.Get (Assignment.InventoryService), returned result Microsoft.AspNetCore.Mvc.ObjectResult in 0.647ms.
2020-02-15 23:53:50.4629|INFO|Microsoft.AspNetCore.Mvc.Infrastructure.ObjectResultExecutor|Executing ObjectResult, writing value of type 'System.String[]'.
2020-02-15 23:53:50.5009|INFO|Microsoft.AspNetCore.Mvc.Internal.ControllerActionInvoker|Executed action Assignment.InventoryService.Controllers.ValuesController.Get (Assignment.InventoryService) in 72.0519ms
2020-02-15 23:53:50.5009|INFO|Microsoft.AspNetCore.Routing.EndpointMiddleware|Executed endpoint 'Assignment.InventoryService.Controllers.ValuesController.Get (Assignment.InventoryService)'
2020-02-15 23:53:50.5159|INFO|Microsoft.AspNetCore.Hosting.Internal.WebHost|Request finished in 286.9901ms 200 application/json; charset=utf-8
2020-02-15 23:54:54.5687|INFO|Microsoft.AspNetCore.Hosting.Internal.WebHost|Request starting HTTP/2.0 POST https://localhost:44394/api/inventory/product/add application/json 53
2020-02-15 23:54:54.6322|INFO|Microsoft.AspNetCore.Authentication.JwtBearer.JwtBearerHandler|Successfully validated the token.
2020-02-15 23:54:54.6491|INFO|Microsoft.AspNetCore.Routing.EndpointMiddleware|Executing endpoint 'Assignment.InventoryService.Controllers.InventoryController.AddProduct (Assignment.InventoryService)'
2020-02-15 23:54:54.6720|INFO|Microsoft.AspNetCore.Mvc.Internal.ControllerActionInvoker|Route matched with {action = "AddProduct", controller = "Inventory"}. Executing controller action with signature Microsoft.AspNetCore.Mvc.ActionResult`1[Assignment.InventoryService.Dtos.ResponseModel] AddProduct(Assignment.InventoryService.Models.Product) on controller Assignment.InventoryService.Controllers.InventoryController (Assignment.InventoryService).
2020-02-15 23:54:54.6871|INFO|Microsoft.AspNetCore.Authorization.DefaultAuthorizationService|Authorization was successful.
2020-02-15 23:54:54.7358|INFO|Microsoft.AspNetCore.Mvc.Internal.ControllerActionInvoker|Executing action method Assignment.InventoryService.Controllers.InventoryController.AddProduct (Assignment.InventoryService) - Validation state: Valid
2020-02-15 23:54:54.7358|INFO|Microsoft.AspNetCore.Mvc.Internal.ControllerActionInvoker|Executed action method Assignment.InventoryService.Controllers.InventoryController.AddProduct (Assignment.InventoryService), returned result Microsoft.AspNetCore.Mvc.OkResult in 4.2633ms.
2020-02-15 23:54:54.7528|INFO|Microsoft.AspNetCore.Mvc.StatusCodeResult|Executing HttpStatusCodeResult, setting HTTP status code 200
2020-02-15 23:54:54.7528|INFO|Microsoft.AspNetCore.Mvc.Internal.ControllerActionInvoker|Executed action Assignment.InventoryService.Controllers.InventoryController.AddProduct (Assignment.InventoryService) in 81.0213ms
2020-02-15 23:54:54.7634|INFO|Microsoft.AspNetCore.Routing.EndpointMiddleware|Executed endpoint 'Assignment.InventoryService.Controllers.InventoryController.AddProduct (Assignment.InventoryService)'
2020-02-15 23:54:54.7634|INFO|Microsoft.AspNetCore.Hosting.Internal.WebHost|Request finished in 204.0453ms 200 
2020-02-15 23:56:10.5466|INFO|Microsoft.AspNetCore.Hosting.Internal.WebHost|Request starting HTTP/1.1 GET https://localhost:44394/api/inventory/productById/1  
2020-02-15 23:56:10.5466|INFO|Microsoft.AspNetCore.Authentication.JwtBearer.JwtBearerHandler|Successfully validated the token.
2020-02-15 23:56:10.5676|INFO|Microsoft.AspNetCore.Routing.EndpointMiddleware|Executing endpoint 'Assignment.InventoryService.Controllers.InventoryController.GetProductById (Assignment.InventoryService)'
2020-02-15 23:56:10.5676|INFO|Microsoft.AspNetCore.Mvc.Internal.ControllerActionInvoker|Route matched with {action = "GetProductById", controller = "Inventory"}. Executing controller action with signature Microsoft.AspNetCore.Mvc.ActionResult`1[Assignment.InventoryService.Dtos.ResponseModel] GetProductById(Int32) on controller Assignment.InventoryService.Controllers.InventoryController (Assignment.InventoryService).
2020-02-15 23:56:10.5820|INFO|Microsoft.AspNetCore.Authorization.DefaultAuthorizationService|Authorization was successful.
2020-02-15 23:56:10.5820|INFO|Microsoft.AspNetCore.Mvc.Internal.ControllerActionInvoker|Executing action method Assignment.InventoryService.Controllers.InventoryController.GetProductById (Assignment.InventoryService) - Validation state: Valid
2020-02-15 23:56:10.5907|INFO|Microsoft.AspNetCore.Mvc.Internal.ControllerActionInvoker|Executed action method Assignment.InventoryService.Controllers.InventoryController.GetProductById (Assignment.InventoryService), returned result Microsoft.AspNetCore.Mvc.ObjectResult in 2.4825ms.
2020-02-15 23:56:10.5907|INFO|Microsoft.AspNetCore.Mvc.Infrastructure.ObjectResultExecutor|Executing ObjectResult, writing value of type 'Assignment.InventoryService.Dtos.ResponseModel'.
2020-02-15 23:56:10.6096|INFO|Microsoft.AspNetCore.Mvc.Internal.ControllerActionInvoker|Executed action Assignment.InventoryService.Controllers.InventoryController.GetProductById (Assignment.InventoryService) in 31.4525ms
2020-02-15 23:56:10.6096|INFO|Microsoft.AspNetCore.Routing.EndpointMiddleware|Executed endpoint 'Assignment.InventoryService.Controllers.InventoryController.GetProductById (Assignment.InventoryService)'
2020-02-15 23:56:10.6096|INFO|Microsoft.AspNetCore.Hosting.Internal.WebHost|Request finished in 72.7308ms 200 application/json; charset=utf-8
